<?xml version="1.0" encoding="UTF-8"?>
<testsuite xmlns:xsi="http://www.w3.org/2001/XMLSchema-instance" xsi:noNamespaceSchemaLocation="https://maven.apache.org/surefire/maven-surefire-plugin/xsd/surefire-test-report.xsd" name="es.withoutbrakes.dishonorfactions.AppTest" time="0.125" tests="1" errors="0" skipped="0" failures="0">
  <properties>
    <property name="java.specification.version" value="16"/>
    <property name="sun.cpu.isalist" value="amd64"/>
    <property name="sun.jnu.encoding" value="Cp1252"/>
    <property name="java.class.path" value="R:\Documents\GitHub\DishonorFactions\DishonorFactions\dishonorfactions\target\test-classes;R:\Documents\GitHub\DishonorFactions\DishonorFactions\dishonorfactions\target\classes;C:\Users\d.rodriguezr.2019\.m2\repository\junit\junit\4.11\junit-4.11.jar;C:\Users\d.rodriguezr.2019\.m2\repository\org\hamcrest\hamcrest-core\1.3\hamcrest-core-1.3.jar;C:\Users\d.rodriguezr.2019\.m2\repository\org\springframework\boot\spring-boot-starter-web\2.1.1.RELEASE\spring-boot-starter-web-2.1.1.RELEASE.jar;C:\Users\d.rodriguezr.2019\.m2\repository\org\springframework\boot\spring-boot-starter\2.1.1.RELEASE\spring-boot-starter-2.1.1.RELEASE.jar;C:\Users\d.rodriguezr.2019\.m2\repository\org\springframework\boot\spring-boot\2.1.1.RELEASE\spring-boot-2.1.1.RELEASE.jar;C:\Users\d.rodriguezr.2019\.m2\repository\org\springframework\boot\spring-boot-autoconfigure\2.1.1.RELEASE\spring-boot-autoconfigure-2.1.1.RELEASE.jar;C:\Users\d.rodriguezr.2019\.m2\repository\org\springframework\boot\spring-boot-starter-logging\2.1.1.RELEASE\spring-boot-starter-logging-2.1.1.RELEASE.jar;C:\Users\d.rodriguezr.2019\.m2\repository\ch\qos\logback\logback-classic\1.2.3\logback-classic-1.2.3.jar;C:\Users\d.rodriguezr.2019\.m2\repository\ch\qos\logback\logback-core\1.2.3\logback-core-1.2.3.jar;C:\Users\d.rodriguezr.2019\.m2\repository\org\apache\logging\log4j\log4j-to-slf4j\2.11.1\log4j-to-slf4j-2.11.1.jar;C:\Users\d.rodriguezr.2019\.m2\repository\org\apache\logging\log4j\log4j-api\2.11.1\log4j-api-2.11.1.jar;C:\Users\d.rodriguezr.2019\.m2\repository\org\slf4j\jul-to-slf4j\1.7.25\jul-to-slf4j-1.7.25.jar;C:\Users\d.rodriguezr.2019\.m2\repository\javax\annotation\javax.annotation-api\1.3.2\javax.annotation-api-1.3.2.jar;C:\Users\d.rodriguezr.2019\.m2\repository\org\springframework\spring-core\5.1.3.RELEASE\spring-core-5.1.3.RELEASE.jar;C:\Users\d.rodriguezr.2019\.m2\repository\org\springframework\spring-jcl\5.1.3.RELEASE\spring-jcl-5.1.3.RELEASE.jar;C:\Users\d.rodriguezr.2019\.m2\repository\org\yaml\snakeyaml\1.23\snakeyaml-1.23.jar;C:\Users\d.rodriguezr.2019\.m2\repository\org\springframework\boot\spring-boot-starter-json\2.1.1.RELEASE\spring-boot-starter-json-2.1.1.RELEASE.jar;C:\Users\d.rodriguezr.2019\.m2\repository\com\fasterxml\jackson\core\jackson-databind\2.9.7\jackson-databind-2.9.7.jar;C:\Users\d.rodriguezr.2019\.m2\repository\com\fasterxml\jackson\core\jackson-annotations\2.9.0\jackson-annotations-2.9.0.jar;C:\Users\d.rodriguezr.2019\.m2\repository\com\fasterxml\jackson\core\jackson-core\2.9.7\jackson-core-2.9.7.jar;C:\Users\d.rodriguezr.2019\.m2\repository\com\fasterxml\jackson\datatype\jackson-datatype-jdk8\2.9.7\jackson-datatype-jdk8-2.9.7.jar;C:\Users\d.rodriguezr.2019\.m2\repository\com\fasterxml\jackson\datatype\jackson-datatype-jsr310\2.9.7\jackson-datatype-jsr310-2.9.7.jar;C:\Users\d.rodriguezr.2019\.m2\repository\com\fasterxml\jackson\module\jackson-module-parameter-names\2.9.7\jackson-module-parameter-names-2.9.7.jar;C:\Users\d.rodriguezr.2019\.m2\repository\org\springframework\boot\spring-boot-starter-tomcat\2.1.1.RELEASE\spring-boot-starter-tomcat-2.1.1.RELEASE.jar;C:\Users\d.rodriguezr.2019\.m2\repository\org\apache\tomcat\embed\tomcat-embed-core\9.0.13\tomcat-embed-core-9.0.13.jar;C:\Users\d.rodriguezr.2019\.m2\repository\org\apache\tomcat\embed\tomcat-embed-el\9.0.13\tomcat-embed-el-9.0.13.jar;C:\Users\d.rodriguezr.2019\.m2\repository\org\apache\tomcat\embed\tomcat-embed-websocket\9.0.13\tomcat-embed-websocket-9.0.13.jar;C:\Users\d.rodriguezr.2019\.m2\repository\org\hibernate\validator\hibernate-validator\6.0.13.Final\hibernate-validator-6.0.13.Final.jar;C:\Users\d.rodriguezr.2019\.m2\repository\javax\validation\validation-api\2.0.1.Final\validation-api-2.0.1.Final.jar;C:\Users\d.rodriguezr.2019\.m2\repository\org\jboss\logging\jboss-logging\3.3.2.Final\jboss-logging-3.3.2.Final.jar;C:\Users\d.rodriguezr.2019\.m2\repository\com\fasterxml\classmate\1.4.0\classmate-1.4.0.jar;C:\Users\d.rodriguezr.2019\.m2\repository\org\springframework\spring-web\5.1.3.RELEASE\spring-web-5.1.3.RELEASE.jar;C:\Users\d.rodriguezr.2019\.m2\repository\org\springframework\spring-beans\5.1.3.RELEASE\spring-beans-5.1.3.RELEASE.jar;C:\Users\d.rodriguezr.2019\.m2\repository\org\springframework\spring-webmvc\5.1.3.RELEASE\spring-webmvc-5.1.3.RELEASE.jar;C:\Users\d.rodriguezr.2019\.m2\repository\org\springframework\spring-aop\5.1.3.RELEASE\spring-aop-5.1.3.RELEASE.jar;C:\Users\d.rodriguezr.2019\.m2\repository\org\springframework\spring-context\5.1.3.RELEASE\spring-context-5.1.3.RELEASE.jar;C:\Users\d.rodriguezr.2019\.m2\repository\org\springframework\spring-expression\5.1.3.RELEASE\spring-expression-5.1.3.RELEASE.jar;C:\Users\d.rodriguezr.2019\.m2\repository\org\springframework\boot\spring-boot-starter-data-jpa\2.1.1.RELEASE\spring-boot-starter-data-jpa-2.1.1.RELEASE.jar;C:\Users\d.rodriguezr.2019\.m2\repository\org\springframework\boot\spring-boot-starter-aop\2.1.1.RELEASE\spring-boot-starter-aop-2.1.1.RELEASE.jar;C:\Users\d.rodriguezr.2019\.m2\repository\org\aspectj\aspectjweaver\1.9.2\aspectjweaver-1.9.2.jar;C:\Users\d.rodriguezr.2019\.m2\repository\org\springframework\boot\spring-boot-starter-jdbc\2.1.1.RELEASE\spring-boot-starter-jdbc-2.1.1.RELEASE.jar;C:\Users\d.rodriguezr.2019\.m2\repository\com\zaxxer\HikariCP\3.2.0\HikariCP-3.2.0.jar;C:\Users\d.rodriguezr.2019\.m2\repository\org\springframework\spring-jdbc\5.1.3.RELEASE\spring-jdbc-5.1.3.RELEASE.jar;C:\Users\d.rodriguezr.2019\.m2\repository\javax\transaction\javax.transaction-api\1.3\javax.transaction-api-1.3.jar;C:\Users\d.rodriguezr.2019\.m2\repository\javax\xml\bind\jaxb-api\2.3.1\jaxb-api-2.3.1.jar;C:\Users\d.rodriguezr.2019\.m2\repository\javax\activation\javax.activation-api\1.2.0\javax.activation-api-1.2.0.jar;C:\Users\d.rodriguezr.2019\.m2\repository\org\hibernate\hibernate-core\5.3.7.Final\hibernate-core-5.3.7.Final.jar;C:\Users\d.rodriguezr.2019\.m2\repository\javax\persistence\javax.persistence-api\2.2\javax.persistence-api-2.2.jar;C:\Users\d.rodriguezr.2019\.m2\repository\org\javassist\javassist\3.23.1-GA\javassist-3.23.1-GA.jar;C:\Users\d.rodriguezr.2019\.m2\repository\net\bytebuddy\byte-buddy\1.9.5\byte-buddy-1.9.5.jar;C:\Users\d.rodriguezr.2019\.m2\repository\antlr\antlr\2.7.7\antlr-2.7.7.jar;C:\Users\d.rodriguezr.2019\.m2\repository\org\jboss\jandex\2.0.5.Final\jandex-2.0.5.Final.jar;C:\Users\d.rodriguezr.2019\.m2\repository\org\dom4j\dom4j\2.1.1\dom4j-2.1.1.jar;C:\Users\d.rodriguezr.2019\.m2\repository\org\hibernate\common\hibernate-commons-annotations\5.0.4.Final\hibernate-commons-annotations-5.0.4.Final.jar;C:\Users\d.rodriguezr.2019\.m2\repository\org\springframework\data\spring-data-jpa\2.1.3.RELEASE\spring-data-jpa-2.1.3.RELEASE.jar;C:\Users\d.rodriguezr.2019\.m2\repository\org\springframework\data\spring-data-commons\2.1.3.RELEASE\spring-data-commons-2.1.3.RELEASE.jar;C:\Users\d.rodriguezr.2019\.m2\repository\org\springframework\spring-orm\5.1.3.RELEASE\spring-orm-5.1.3.RELEASE.jar;C:\Users\d.rodriguezr.2019\.m2\repository\org\springframework\spring-tx\5.1.3.RELEASE\spring-tx-5.1.3.RELEASE.jar;C:\Users\d.rodriguezr.2019\.m2\repository\org\slf4j\slf4j-api\1.7.25\slf4j-api-1.7.25.jar;C:\Users\d.rodriguezr.2019\.m2\repository\org\springframework\spring-aspects\5.1.3.RELEASE\spring-aspects-5.1.3.RELEASE.jar;C:\Users\d.rodriguezr.2019\.m2\repository\com\h2database\h2\1.4.197\h2-1.4.197.jar;"/>
    <property name="java.vm.vendor" value="Oracle Corporation"/>
    <property name="sun.arch.data.model" value="64"/>
    <property name="user.variant" value=""/>
    <property name="java.vendor.url" value="https://java.oracle.com/"/>
    <property name="user.timezone" value="Europe/Madrid"/>
    <property name="os.name" value="Windows Server 2016"/>
    <property name="java.vm.specification.version" value="16"/>
    <property name="sun.java.launcher" value="SUN_STANDARD"/>
    <property name="user.country" value="ES"/>
    <property name="sun.boot.library.path" value="C:\Eclipse\sts-bundle\sts-4.11.0.RELEASE\plugins\org.eclipse.justj.openjdk.hotspot.jre.full.win32.x86_64_16.0.1.v20210528-1205\jre\bin"/>
    <property name="sun.java.command" value="C:\Users\DRODRI~1.201\AppData\Local\Temp\4\surefire16449419505938389294\surefirebooter18099634794707573188.jar C:\Users\d.rodriguezr.2019\AppData\Local\Temp\4\surefire16449419505938389294 2021-12-21T09-16-50_332-jvmRun1 surefire3250759632704690039tmp surefire_06420545484964185566tmp"/>
    <property name="jdk.debug" value="release"/>
    <property name="surefire.test.class.path" value="R:\Documents\GitHub\DishonorFactions\DishonorFactions\dishonorfactions\target\test-classes;R:\Documents\GitHub\DishonorFactions\DishonorFactions\dishonorfactions\target\classes;C:\Users\d.rodriguezr.2019\.m2\repository\junit\junit\4.11\junit-4.11.jar;C:\Users\d.rodriguezr.2019\.m2\repository\org\hamcrest\hamcrest-core\1.3\hamcrest-core-1.3.jar;C:\Users\d.rodriguezr.2019\.m2\repository\org\springframework\boot\spring-boot-starter-web\2.1.1.RELEASE\spring-boot-starter-web-2.1.1.RELEASE.jar;C:\Users\d.rodriguezr.2019\.m2\repository\org\springframework\boot\spring-boot-starter\2.1.1.RELEASE\spring-boot-starter-2.1.1.RELEASE.jar;C:\Users\d.rodriguezr.2019\.m2\repository\org\springframework\boot\spring-boot\2.1.1.RELEASE\spring-boot-2.1.1.RELEASE.jar;C:\Users\d.rodriguezr.2019\.m2\repository\org\springframework\boot\spring-boot-autoconfigure\2.1.1.RELEASE\spring-boot-autoconfigure-2.1.1.RELEASE.jar;C:\Users\d.rodriguezr.2019\.m2\repository\org\springframework\boot\spring-boot-starter-logging\2.1.1.RELEASE\spring-boot-starter-logging-2.1.1.RELEASE.jar;C:\Users\d.rodriguezr.2019\.m2\repository\ch\qos\logback\logback-classic\1.2.3\logback-classic-1.2.3.jar;C:\Users\d.rodriguezr.2019\.m2\repository\ch\qos\logback\logback-core\1.2.3\logback-core-1.2.3.jar;C:\Users\d.rodriguezr.2019\.m2\repository\org\apache\logging\log4j\log4j-to-slf4j\2.11.1\log4j-to-slf4j-2.11.1.jar;C:\Users\d.rodriguezr.2019\.m2\repository\org\apache\logging\log4j\log4j-api\2.11.1\log4j-api-2.11.1.jar;C:\Users\d.rodriguezr.2019\.m2\repository\org\slf4j\jul-to-slf4j\1.7.25\jul-to-slf4j-1.7.25.jar;C:\Users\d.rodriguezr.2019\.m2\repository\javax\annotation\javax.annotation-api\1.3.2\javax.annotation-api-1.3.2.jar;C:\Users\d.rodriguezr.2019\.m2\repository\org\springframework\spring-core\5.1.3.RELEASE\spring-core-5.1.3.RELEASE.jar;C:\Users\d.rodriguezr.2019\.m2\repository\org\springframework\spring-jcl\5.1.3.RELEASE\spring-jcl-5.1.3.RELEASE.jar;C:\Users\d.rodriguezr.2019\.m2\repository\org\yaml\snakeyaml\1.23\snakeyaml-1.23.jar;C:\Users\d.rodriguezr.2019\.m2\repository\org\springframework\boot\spring-boot-starter-json\2.1.1.RELEASE\spring-boot-starter-json-2.1.1.RELEASE.jar;C:\Users\d.rodriguezr.2019\.m2\repository\com\fasterxml\jackson\core\jackson-databind\2.9.7\jackson-databind-2.9.7.jar;C:\Users\d.rodriguezr.2019\.m2\repository\com\fasterxml\jackson\core\jackson-annotations\2.9.0\jackson-annotations-2.9.0.jar;C:\Users\d.rodriguezr.2019\.m2\repository\com\fasterxml\jackson\core\jackson-core\2.9.7\jackson-core-2.9.7.jar;C:\Users\d.rodriguezr.2019\.m2\repository\com\fasterxml\jackson\datatype\jackson-datatype-jdk8\2.9.7\jackson-datatype-jdk8-2.9.7.jar;C:\Users\d.rodriguezr.2019\.m2\repository\com\fasterxml\jackson\datatype\jackson-datatype-jsr310\2.9.7\jackson-datatype-jsr310-2.9.7.jar;C:\Users\d.rodriguezr.2019\.m2\repository\com\fasterxml\jackson\module\jackson-module-parameter-names\2.9.7\jackson-module-parameter-names-2.9.7.jar;C:\Users\d.rodriguezr.2019\.m2\repository\org\springframework\boot\spring-boot-starter-tomcat\2.1.1.RELEASE\spring-boot-starter-tomcat-2.1.1.RELEASE.jar;C:\Users\d.rodriguezr.2019\.m2\repository\org\apache\tomcat\embed\tomcat-embed-core\9.0.13\tomcat-embed-core-9.0.13.jar;C:\Users\d.rodriguezr.2019\.m2\repository\org\apache\tomcat\embed\tomcat-embed-el\9.0.13\tomcat-embed-el-9.0.13.jar;C:\Users\d.rodriguezr.2019\.m2\repository\org\apache\tomcat\embed\tomcat-embed-websocket\9.0.13\tomcat-embed-websocket-9.0.13.jar;C:\Users\d.rodriguezr.2019\.m2\repository\org\hibernate\validator\hibernate-validator\6.0.13.Final\hibernate-validator-6.0.13.Final.jar;C:\Users\d.rodriguezr.2019\.m2\repository\javax\validation\validation-api\2.0.1.Final\validation-api-2.0.1.Final.jar;C:\Users\d.rodriguezr.2019\.m2\repository\org\jboss\logging\jboss-logging\3.3.2.Final\jboss-logging-3.3.2.Final.jar;C:\Users\d.rodriguezr.2019\.m2\repository\com\fasterxml\classmate\1.4.0\classmate-1.4.0.jar;C:\Users\d.rodriguezr.2019\.m2\repository\org\springframework\spring-web\5.1.3.RELEASE\spring-web-5.1.3.RELEASE.jar;C:\Users\d.rodriguezr.2019\.m2\repository\org\springframework\spring-beans\5.1.3.RELEASE\spring-beans-5.1.3.RELEASE.jar;C:\Users\d.rodriguezr.2019\.m2\repository\org\springframework\spring-webmvc\5.1.3.RELEASE\spring-webmvc-5.1.3.RELEASE.jar;C:\Users\d.rodriguezr.2019\.m2\repository\org\springframework\spring-aop\5.1.3.RELEASE\spring-aop-5.1.3.RELEASE.jar;C:\Users\d.rodriguezr.2019\.m2\repository\org\springframework\spring-context\5.1.3.RELEASE\spring-context-5.1.3.RELEASE.jar;C:\Users\d.rodriguezr.2019\.m2\repository\org\springframework\spring-expression\5.1.3.RELEASE\spring-expression-5.1.3.RELEASE.jar;C:\Users\d.rodriguezr.2019\.m2\repository\org\springframework\boot\spring-boot-starter-data-jpa\2.1.1.RELEASE\spring-boot-starter-data-jpa-2.1.1.RELEASE.jar;C:\Users\d.rodriguezr.2019\.m2\repository\org\springframework\boot\spring-boot-starter-aop\2.1.1.RELEASE\spring-boot-starter-aop-2.1.1.RELEASE.jar;C:\Users\d.rodriguezr.2019\.m2\repository\org\aspectj\aspectjweaver\1.9.2\aspectjweaver-1.9.2.jar;C:\Users\d.rodriguezr.2019\.m2\repository\org\springframework\boot\spring-boot-starter-jdbc\2.1.1.RELEASE\spring-boot-starter-jdbc-2.1.1.RELEASE.jar;C:\Users\d.rodriguezr.2019\.m2\repository\com\zaxxer\HikariCP\3.2.0\HikariCP-3.2.0.jar;C:\Users\d.rodriguezr.2019\.m2\repository\org\springframework\spring-jdbc\5.1.3.RELEASE\spring-jdbc-5.1.3.RELEASE.jar;C:\Users\d.rodriguezr.2019\.m2\repository\javax\transaction\javax.transaction-api\1.3\javax.transaction-api-1.3.jar;C:\Users\d.rodriguezr.2019\.m2\repository\javax\xml\bind\jaxb-api\2.3.1\jaxb-api-2.3.1.jar;C:\Users\d.rodriguezr.2019\.m2\repository\javax\activation\javax.activation-api\1.2.0\javax.activation-api-1.2.0.jar;C:\Users\d.rodriguezr.2019\.m2\repository\org\hibernate\hibernate-core\5.3.7.Final\hibernate-core-5.3.7.Final.jar;C:\Users\d.rodriguezr.2019\.m2\repository\javax\persistence\javax.persistence-api\2.2\javax.persistence-api-2.2.jar;C:\Users\d.rodriguezr.2019\.m2\repository\org\javassist\javassist\3.23.1-GA\javassist-3.23.1-GA.jar;C:\Users\d.rodriguezr.2019\.m2\repository\net\bytebuddy\byte-buddy\1.9.5\byte-buddy-1.9.5.jar;C:\Users\d.rodriguezr.2019\.m2\repository\antlr\antlr\2.7.7\antlr-2.7.7.jar;C:\Users\d.rodriguezr.2019\.m2\repository\org\jboss\jandex\2.0.5.Final\jandex-2.0.5.Final.jar;C:\Users\d.rodriguezr.2019\.m2\repository\org\dom4j\dom4j\2.1.1\dom4j-2.1.1.jar;C:\Users\d.rodriguezr.2019\.m2\repository\org\hibernate\common\hibernate-commons-annotations\5.0.4.Final\hibernate-commons-annotations-5.0.4.Final.jar;C:\Users\d.rodriguezr.2019\.m2\repository\org\springframework\data\spring-data-jpa\2.1.3.RELEASE\spring-data-jpa-2.1.3.RELEASE.jar;C:\Users\d.rodriguezr.2019\.m2\repository\org\springframework\data\spring-data-commons\2.1.3.RELEASE\spring-data-commons-2.1.3.RELEASE.jar;C:\Users\d.rodriguezr.2019\.m2\repository\org\springframework\spring-orm\5.1.3.RELEASE\spring-orm-5.1.3.RELEASE.jar;C:\Users\d.rodriguezr.2019\.m2\repository\org\springframework\spring-tx\5.1.3.RELEASE\spring-tx-5.1.3.RELEASE.jar;C:\Users\d.rodriguezr.2019\.m2\repository\org\slf4j\slf4j-api\1.7.25\slf4j-api-1.7.25.jar;C:\Users\d.rodriguezr.2019\.m2\repository\org\springframework\spring-aspects\5.1.3.RELEASE\spring-aspects-5.1.3.RELEASE.jar;C:\Users\d.rodriguezr.2019\.m2\repository\com\h2database\h2\1.4.197\h2-1.4.197.jar;"/>
    <property name="sun.cpu.endian" value="little"/>
    <property name="user.home" value="C:\Users\d.rodriguezr.2019"/>
    <property name="user.language" value="es"/>
    <property name="java.specification.vendor" value="Oracle Corporation"/>
    <property name="java.version.date" value="2021-04-20"/>
    <property name="java.home" value="C:\Eclipse\sts-bundle\sts-4.11.0.RELEASE\plugins\org.eclipse.justj.openjdk.hotspot.jre.full.win32.x86_64_16.0.1.v20210528-1205\jre"/>
    <property name="file.separator" value="\"/>
    <property name="style.color" value="always"/>
    <property name="basedir" value="R:\Documents\GitHub\DishonorFactions\DishonorFactions\dishonorfactions"/>
    <property name="java.vm.compressedOopsMode" value="32-bit"/>
    <property name="line.separator" value="&#10;"/>
    <property name="java.vm.specification.vendor" value="Oracle Corporation"/>
    <property name="java.specification.name" value="Java Platform API Specification"/>
    <property name="surefire.real.class.path" value="C:\Users\DRODRI~1.201\AppData\Local\Temp\4\surefire16449419505938389294\surefirebooter18099634794707573188.jar"/>
    <property name="user.script" value=""/>
    <property name="sun.management.compiler" value="HotSpot 64-Bit Tiered Compilers"/>
    <property name="java.runtime.version" value="16.0.1+9-24"/>
    <property name="user.name" value="d.rodriguezr.2019"/>
    <property name="path.separator" value=";"/>
    <property name="os.version" value="10.0"/>
    <property name="java.runtime.name" value="OpenJDK Runtime Environment"/>
    <property name="file.encoding" value="Cp1252"/>
    <property name="java.vm.name" value="OpenJDK 64-Bit Server VM"/>
    <property name="localRepository" value="C:\Users\d.rodriguezr.2019\.m2\repository"/>
    <property name="java.vendor.url.bug" value="https://bugreport.java.com/bugreport/"/>
    <property name="java.io.tmpdir" value="C:\Users\DRODRI~1.201\AppData\Local\Temp\4\"/>
    <property name="java.version" value="16.0.1"/>
    <property name="user.dir" value="R:\Documents\GitHub\DishonorFactions\DishonorFactions\dishonorfactions"/>
    <property name="os.arch" value="amd64"/>
    <property name="java.vm.specification.name" value="Java Virtual Machine Specification"/>
    <property name="sun.os.patch.level" value=""/>
    <property name="java.library.path" value="C:\Eclipse\sts-bundle\sts-4.11.0.RELEASE\plugins\org.eclipse.justj.openjdk.hotspot.jre.full.win32.x86_64_16.0.1.v20210528-1205\jre\bin;C:\Windows\Sun\Java\bin;C:\Windows\system32;C:\Windows;C:/Eclipse/sts-bundle/sts-4.11.0.RELEASE//plugins/org.eclipse.justj.openjdk.hotspot.jre.full.win32.x86_64_16.0.1.v20210528-1205/jre/bin/server;C:/Eclipse/sts-bundle/sts-4.11.0.RELEASE//plugins/org.eclipse.justj.openjdk.hotspot.jre.full.win32.x86_64_16.0.1.v20210528-1205/jre/bin;C:\Program Files (x86)\Quest Software\PNTools\App-V;C:\Anaconda3;C:\Anaconda3\Library\mingw-w64\bin;C:\Anaconda3\Library\usr\bin;C:\Anaconda3\Library\bin;C:\Anaconda3\Scripts;C:\Python39\Scripts\;C:\Python39\;C:\Program Files (x86)\Common Files\Oracle\Java\javapath;C:\MinGW\bin;C:\MinGW\msys\1.0\bin;C:\Program Files\Microsoft MPI\Bin\;C:\ProgramData\Oracle\Java\javapath;C:\Windows\system32;C:\Windows;C:\Windows\System32\Wbem;C:\Windows\System32\WindowsPowerShell\v1.0\;C:\OpenGL\freeglut-MinGW\bin;C:\OpenGL\glew-MinGW\lib;C:\Program Files (x86)\ANTLR\;C:\Program Files\dotnet\;C:\Program Files\Microsoft VS Code\bin;C:\Program Files (x86)\jflex-1.6.1\bin;C:\NodeNPM;C:\Program Files\MongoDB\Server\4.0\bin;C:\opencv\build\x64\vc14;C:\opencv\build\x64\vc15\bin;C:\ProgramData\Maven\bin;C:\Program Files (x86)\swipl\bin;C:\Program Files (x86)\Microsoft Visual Studio\2019\Professional\VC\Tools\MSVC\14.21.27702\bin\Hostx86\x86;C:\Program Files (x86)\WinSCP\;C:\Program Files\CMake\bin;C:\Program Files\nodejs\;C:\ProgramData\chocolatey\bin;C:\Program Files\PuTTY\;C:\Program Files\swipl\bin;C:\HashiCorp\Vagrant\bin;C:\Program Files\Git\cmd;C:\Users\d.rodriguezr.2019\AppData\Local\Microsoft\WindowsApps;C:\Users\d.rodriguezr.2019\AppData\Local\GitHubDesktop\bin;C:\Eclipse\sts-bundle\sts-4.11.0.RELEASE;;."/>
    <property name="java.vm.info" value="mixed mode"/>
    <property name="java.vendor" value="Oracle Corporation"/>
    <property name="java.vm.version" value="16.0.1+9-24"/>
    <property name="sun.io.unicode.encoding" value="UnicodeLittle"/>
    <property name="java.class.version" value="60.0"/>
  </properties>
  <testcase name="shouldAnswerWithTrue" classname="es.withoutbrakes.dishonorfactions.AppTest" time="0.005"/>
</testsuite>